12.06.2024 - 15:09:09
DiscordAPIError[40060]: Interaction has already been acknowledged.

14.06.2024 - 06:37:59
Error [GuildMembersTimeout]: Members didn't arrive in time.

20.06.2024 - 19:57:07
DiscordAPIError[60003]: Two factor is required for this operation

23.06.2024 - 10:09:07
Error [GuildMembersTimeout]: Members didn't arrive in time.

23.06.2024 - 23:59:16
DiscordAPIError[10007]: Unknown Member

24.06.2024 - 13:14:31
DiscordAPIError[50006]: Cannot send an empty message

25.06.2024 - 01:41:52
DiscordAPIError[10007]: Unknown Member

29.06.2024 - 01:50:59
DiscordAPIError[10007]: Unknown Member

02.07.2024 - 18:36:32
DiscordAPIError[50035]: Invalid Form Body
embeds[MAX_EMBED_SIZE_EXCEEDED]: Embed size exceeds maximum size of 6000

02.07.2024 - 18:37:20
DiscordAPIError[50035]: Invalid Form Body
embeds[0].description[BASE_TYPE_MAX_LENGTH]: Must be 4096 or fewer in length.

06.07.2024 - 23:12:34
Error [GuildMembersTimeout]: Members didn't arrive in time.

06.07.2024 - 23:17:34
Error [GuildMembersTimeout]: Members didn't arrive in time.

06.07.2024 - 23:22:34
Error [GuildMembersTimeout]: Members didn't arrive in time.

06.07.2024 - 23:27:35
Error [GuildMembersTimeout]: Members didn't arrive in time.

06.07.2024 - 23:32:35
Error [GuildMembersTimeout]: Members didn't arrive in time.

06.07.2024 - 23:37:35
Error [GuildMembersTimeout]: Members didn't arrive in time.

06.07.2024 - 23:42:35
Error [GuildMembersTimeout]: Members didn't arrive in time.

06.07.2024 - 23:42:41
Error [GuildMembersTimeout]: Members didn't arrive in time.

06.07.2024 - 23:47:35
Error [GuildMembersTimeout]: Members didn't arrive in time.

06.07.2024 - 23:52:35
Error [GuildMembersTimeout]: Members didn't arrive in time.

06.07.2024 - 23:57:35
Error [GuildMembersTimeout]: Members didn't arrive in time.

07.07.2024 - 00:02:35
Error [GuildMembersTimeout]: Members didn't arrive in time.

07.07.2024 - 00:07:35
Error [GuildMembersTimeout]: Members didn't arrive in time.

07.07.2024 - 00:12:35
Error [GuildMembersTimeout]: Members didn't arrive in time.

07.07.2024 - 00:17:35
Error [GuildMembersTimeout]: Members didn't arrive in time.

07.07.2024 - 00:22:35
Error [GuildMembersTimeout]: Members didn't arrive in time.

07.07.2024 - 00:27:35
Error [GuildMembersTimeout]: Members didn't arrive in time.

07.07.2024 - 00:32:35
Error [GuildMembersTimeout]: Members didn't arrive in time.

07.07.2024 - 00:37:35
Error [GuildMembersTimeout]: Members didn't arrive in time.

07.07.2024 - 00:42:35
Error [GuildMembersTimeout]: Members didn't arrive in time.

07.07.2024 - 00:42:41
Error [GuildMembersTimeout]: Members didn't arrive in time.

07.07.2024 - 00:47:35
Error [GuildMembersTimeout]: Members didn't arrive in time.

07.07.2024 - 00:52:35
Error [GuildMembersTimeout]: Members didn't arrive in time.

07.07.2024 - 00:57:35
Error [GuildMembersTimeout]: Members didn't arrive in time.

07.07.2024 - 01:02:35
Error [GuildMembersTimeout]: Members didn't arrive in time.

07.07.2024 - 01:07:35
Error [GuildMembersTimeout]: Members didn't arrive in time.

07.07.2024 - 01:12:35
Error [GuildMembersTimeout]: Members didn't arrive in time.

07.07.2024 - 01:17:35
Error [GuildMembersTimeout]: Members didn't arrive in time.

07.07.2024 - 01:22:35
Error [GuildMembersTimeout]: Members didn't arrive in time.

07.07.2024 - 01:27:35
Error [GuildMembersTimeout]: Members didn't arrive in time.

07.07.2024 - 01:32:35
Error [GuildMembersTimeout]: Members didn't arrive in time.

07.07.2024 - 01:37:35
Error [GuildMembersTimeout]: Members didn't arrive in time.

07.07.2024 - 01:42:35
Error [GuildMembersTimeout]: Members didn't arrive in time.

07.07.2024 - 01:42:41
Error [GuildMembersTimeout]: Members didn't arrive in time.

07.07.2024 - 01:47:35
Error [GuildMembersTimeout]: Members didn't arrive in time.

07.07.2024 - 01:52:35
Error [GuildMembersTimeout]: Members didn't arrive in time.

07.07.2024 - 01:57:35
Error [GuildMembersTimeout]: Members didn't arrive in time.

07.07.2024 - 02:02:35
Error [GuildMembersTimeout]: Members didn't arrive in time.

07.07.2024 - 02:07:35
Error [GuildMembersTimeout]: Members didn't arrive in time.

07.07.2024 - 02:12:35
Error [GuildMembersTimeout]: Members didn't arrive in time.

07.07.2024 - 02:17:35
Error [GuildMembersTimeout]: Members didn't arrive in time.

07.07.2024 - 02:22:35
Error [GuildMembersTimeout]: Members didn't arrive in time.

07.07.2024 - 02:27:35
Error [GuildMembersTimeout]: Members didn't arrive in time.

07.07.2024 - 02:32:35
Error [GuildMembersTimeout]: Members didn't arrive in time.

07.07.2024 - 02:37:35
Error [GuildMembersTimeout]: Members didn't arrive in time.

07.07.2024 - 02:42:35
Error [GuildMembersTimeout]: Members didn't arrive in time.

07.07.2024 - 02:42:41
Error [GuildMembersTimeout]: Members didn't arrive in time.

07.07.2024 - 02:47:35
Error [GuildMembersTimeout]: Members didn't arrive in time.

07.07.2024 - 02:52:35
Error [GuildMembersTimeout]: Members didn't arrive in time.

07.07.2024 - 02:57:35
Error [GuildMembersTimeout]: Members didn't arrive in time.

07.07.2024 - 03:02:35
Error [GuildMembersTimeout]: Members didn't arrive in time.

07.07.2024 - 03:07:35
Error [GuildMembersTimeout]: Members didn't arrive in time.

07.07.2024 - 03:12:35
Error [GuildMembersTimeout]: Members didn't arrive in time.

07.07.2024 - 03:17:35
Error [GuildMembersTimeout]: Members didn't arrive in time.

08.07.2024 - 13:57:20
TypeError: Cannot read properties of undefined (reading 'send')

08.07.2024 - 13:57:51
TypeError: Cannot read properties of undefined (reading 'send')

08.07.2024 - 18:54:36
DiscordAPIError[10062]: Unknown interaction

08.07.2024 - 18:57:26
TypeError: Cannot read properties of undefined (reading 'send')

08.07.2024 - 18:58:40
TypeError: Cannot read properties of undefined (reading 'send')

08.07.2024 - 19:01:45
TypeError: Cannot read properties of undefined (reading 'send')

